{"target": 1.0456393613360266, "params": {"resolution_x": 0.4436435591395337, "resolution_y": -0.8381571528102371}, "datetime": {"datetime": "2024-03-18 15:30:05", "elapsed": 0.0, "delta": 0.0}}
{"target": 0.5000000000076219, "params": {"resolution_x": -10.0, "resolution_y": -1.946851395704179}, "datetime": {"datetime": "2024-03-18 15:30:06", "elapsed": 0.227449, "delta": 0.227449}}
{"target": 0.012195122120409305, "params": {"resolution_x": -9.975140447762376, "resolution_y": -9.983862931734016}, "datetime": {"datetime": "2024-03-18 15:30:06", "elapsed": 0.454246, "delta": 0.226797}}
{"target": 0.5000055595132417, "params": {"resolution_x": -5.52241236367064, "resolution_y": 1.1301696324317774}, "datetime": {"datetime": "2024-03-18 15:30:06", "elapsed": 0.694125, "delta": 0.239879}}
{"target": 0.10000000016918979, "params": {"resolution_x": -9.947413544467585, "resolution_y": 3.6932656313843353}, "datetime": {"datetime": "2024-03-18 15:30:06", "elapsed": 0.955173, "delta": 0.261048}}
{"target": 0.05882908892500636, "params": {"resolution_x": -5.9477059063741065, "resolution_y": -4.38784140472289}, "datetime": {"datetime": "2024-03-18 15:30:07", "elapsed": 1.201305, "delta": 0.246132}}
{"target": 0.47699146682236815, "params": {"resolution_x": 1.5114425336493447, "resolution_y": 6.490052936255855}, "datetime": {"datetime": "2024-03-18 15:30:07", "elapsed": 1.467974, "delta": 0.266669}}
{"target": 0.5087879692071058, "params": {"resolution_x": 1.5634405474881135, "resolution_y": -4.344485208813732}, "datetime": {"datetime": "2024-03-18 15:30:07", "elapsed": 1.714711, "delta": 0.246737}}
{"target": 1.449964439795341, "params": {"resolution_x": 1.558299829242247, "resolution_y": 0.22808154544414247}, "datetime": {"datetime": "2024-03-18 15:30:07", "elapsed": 1.985824, "delta": 0.271113}}
{"target": 1.4048374180498473, "params": {"resolution_x": 7.145184742588906, "resolution_y": 1.958884183004015}, "datetime": {"datetime": "2024-03-18 15:30:08", "elapsed": 2.249685, "delta": 0.263861}}
{"target": 0.5016616698083487, "params": {"resolution_x": -2.0913296708418123, "resolution_y": -1.9541072074475707}, "datetime": {"datetime": "2024-03-18 15:30:08", "elapsed": 2.525113, "delta": 0.275428}}
{"target": 1.9048374180498473, "params": {"resolution_x": 7.906621669322497, "resolution_y": -0.26951741204880264}, "datetime": {"datetime": "2024-03-18 15:30:08", "elapsed": 2.811073, "delta": 0.28596}}
{"target": 0.012200681464461162, "params": {"resolution_x": -5.629480644294089, "resolution_y": -9.910650305354798}, "datetime": {"datetime": "2024-03-18 15:30:08", "elapsed": 3.095948, "delta": 0.284875}}
{"target": 0.06048519922011336, "params": {"resolution_x": -2.827236677689115, "resolution_y": 4.19236421254383}, "datetime": {"datetime": "2024-03-18 15:30:09", "elapsed": 3.349349, "delta": 0.253401}}
{"target": 0.9171559497912657, "params": {"resolution_x": 5.3962492448293595, "resolution_y": 9.947520234376416}, "datetime": {"datetime": "2024-03-18 15:30:09", "elapsed": 3.591738, "delta": 0.242389}}
{"target": 0.6973470730626665, "params": {"resolution_x": 8.37915139155935, "resolution_y": -6.331823772618472}, "datetime": {"datetime": "2024-03-18 15:30:09", "elapsed": 3.900049, "delta": 0.308311}}
{"target": 1.1049608278400462, "params": {"resolution_x": 5.187962491093074, "resolution_y": -2.7516100127971486}, "datetime": {"datetime": "2024-03-18 15:30:10", "elapsed": 4.17602, "delta": 0.275971}}
{"target": 0.03846153846916033, "params": {"resolution_x": -10.0, "resolution_y": -5.756673842155286}, "datetime": {"datetime": "2024-03-18 15:30:10", "elapsed": 4.45312, "delta": 0.2771}}
{"target": 1.7018965179946555, "params": {"resolution_x": 2.0065211559584277, "resolution_y": -1.513467957405396}, "datetime": {"datetime": "2024-03-18 15:30:10", "elapsed": 4.76509, "delta": 0.31197}}
{"target": 0.727097223385912, "params": {"resolution_x": 4.833699573004112, "resolution_y": 5.125643999825201}, "datetime": {"datetime": "2024-03-18 15:30:10", "elapsed": 5.088942, "delta": 0.323852}}
{"target": 2.000000112535175, "params": {"resolution_x": 6.165299409853461, "resolution_y": -0.260306434980178}, "datetime": {"datetime": "2024-03-18 15:30:11", "elapsed": 5.381435, "delta": 0.292493}}
{"target": 0.2289235450216824, "params": {"resolution_x": 10.0, "resolution_y": 6.686389250183438}, "datetime": {"datetime": "2024-03-18 15:30:11", "elapsed": 5.681014, "delta": 0.299579}}
{"target": 2.2018965179946557, "params": {"resolution_x": 2.470328333495866, "resolution_y": 0.4173102975019596}, "datetime": {"datetime": "2024-03-18 15:30:11", "elapsed": 6.016394, "delta": 0.33538}}
{"target": 2.2018965179946557, "params": {"resolution_x": 2.5060163131107096, "resolution_y": -0.4572521121491846}, "datetime": {"datetime": "2024-03-18 15:30:12", "elapsed": 6.323202, "delta": 0.306808}}
{"target": 1.00000000307488, "params": {"resolution_x": -8.493178991915688, "resolution_y": 0.49922526973199927}, "datetime": {"datetime": "2024-03-18 15:30:12", "elapsed": 6.640899, "delta": 0.317697}}
{"target": 1.5000001125351747, "params": {"resolution_x": 6.4780782138672235, "resolution_y": -1.4238080177836128}, "datetime": {"datetime": "2024-03-18 15:30:12", "elapsed": 6.981272, "delta": 0.340373}}
{"target": 0.058824086802133975, "params": {"resolution_x": -6.662716260535343, "resolution_y": 4.156650269675326}, "datetime": {"datetime": "2024-03-18 15:30:13", "elapsed": 7.380715, "delta": 0.399443}}
{"target": 0.5000005573903693, "params": {"resolution_x": -6.872546062032122, "resolution_y": -1.2613150008225893}, "datetime": {"datetime": "2024-03-18 15:30:13", "elapsed": 7.759006, "delta": 0.378291}}
{"target": 1.7018965179946555, "params": {"resolution_x": 2.340503574837266, "resolution_y": 1.0925927450736752}, "datetime": {"datetime": "2024-03-18 15:30:13", "elapsed": 8.135695, "delta": 0.376689}}
{"target": 1.6886356849243735, "params": {"resolution_x": 4.552216931388557, "resolution_y": 0.04462424981178259}, "datetime": {"datetime": "2024-03-18 15:30:14", "elapsed": 8.483726, "delta": 0.348031}}
{"target": 1.2218965179946555, "params": {"resolution_x": 2.3032983599355554, "resolution_y": -7.191051922664088}, "datetime": {"datetime": "2024-03-18 15:30:14", "elapsed": 8.834886, "delta": 0.35116}}
{"target": 0.7898337162966569, "params": {"resolution_x": 3.9394626859193203, "resolution_y": -8.280636501020345}, "datetime": {"datetime": "2024-03-18 15:30:15", "elapsed": 9.174692, "delta": 0.339806}}
{"target": 0.027027027034648893, "params": {"resolution_x": -10.0, "resolution_y": 6.835509402375436}, "datetime": {"datetime": "2024-03-18 15:30:15", "elapsed": 9.526044, "delta": 0.351352}}
{"target": 1.4065696597405992, "params": {"resolution_x": 9.975821287172195, "resolution_y": -0.49761457149435273}, "datetime": {"datetime": "2024-03-18 15:30:15", "elapsed": 9.853013, "delta": 0.326969}}
{"target": 1.0016616698083487, "params": {"resolution_x": -2.16129051564098, "resolution_y": 0.9004703371347887}, "datetime": {"datetime": "2024-03-18 15:30:16", "elapsed": 10.260221, "delta": 0.407208}}
{"target": 0.9202220334344628, "params": {"resolution_x": 7.115056110031449, "resolution_y": 8.004578206919039}, "datetime": {"datetime": "2024-03-18 15:30:16", "elapsed": 10.549586, "delta": 0.289365}}
{"target": 1.4049608278400463, "params": {"resolution_x": 5.959782388814961, "resolution_y": 1.42986994010964}, "datetime": {"datetime": "2024-03-18 15:30:16", "elapsed": 10.818322, "delta": 0.268736}}
{"target": 1.6703200460356395, "params": {"resolution_x": 8.755976006404122, "resolution_y": 0.31044071801021467}, "datetime": {"datetime": "2024-03-18 15:30:16", "elapsed": 11.110936, "delta": 0.292614}}
{"target": 0.06639352228677572, "params": {"resolution_x": -1.5633653571856443, "resolution_y": -4.716771824306634}, "datetime": {"datetime": "2024-03-18 15:30:17", "elapsed": 11.435485, "delta": 0.324549}}
{"target": 0.012498661103186324, "params": {"resolution_x": -3.7590828617783023, "resolution_y": 9.983105131482056}, "datetime": {"datetime": "2024-03-18 15:30:17", "elapsed": 11.79896, "delta": 0.363475}}
{"target": 0.9202220334344628, "params": {"resolution_x": 7.059855691847954, "resolution_y": -8.303235820570949}, "datetime": {"datetime": "2024-03-18 15:30:17", "elapsed": 12.097521, "delta": 0.298561}}
{"target": 1.0588236419469395, "params": {"resolution_x": 6.74835026368228, "resolution_y": -4.541682204655741}, "datetime": {"datetime": "2024-03-18 15:30:18", "elapsed": 12.363063, "delta": 0.265542}}
{"target": 2.2018965179946557, "params": {"resolution_x": 2.927980690852497, "resolution_y": -0.043719073325060975}, "datetime": {"datetime": "2024-03-18 15:30:18", "elapsed": 12.628073, "delta": 0.26501}}
{"target": 0.24563936133602676, "params": {"resolution_x": 0.7408471694156169, "resolution_y": -2.3722050045396936}, "datetime": {"datetime": "2024-03-18 15:30:18", "elapsed": 12.939406, "delta": 0.311333}}
{"target": 0.06563936133602674, "params": {"resolution_x": 0.678342020531775, "resolution_y": -7.2399379604917975}, "datetime": {"datetime": "2024-03-18 15:30:19", "elapsed": 13.410039, "delta": 0.470633}}
{"target": 0.8332726303238062, "params": {"resolution_x": 3.764032747302917, "resolution_y": -4.1525584840315615}, "datetime": {"datetime": "2024-03-18 15:30:19", "elapsed": 13.73097, "delta": 0.320931}}
{"target": 0.03459701990203805, "params": {"resolution_x": -1.3334248709027925, "resolution_y": 6.7512950781345715}, "datetime": {"datetime": "2024-03-18 15:30:19", "elapsed": 14.142862, "delta": 0.411892}}
{"target": 1.0000000001691898, "params": {"resolution_x": -9.979695003946802, "resolution_y": 0.9284224445856815}, "datetime": {"datetime": "2024-03-18 15:30:20", "elapsed": 14.458488, "delta": 0.315626}}
{"target": 0.9170325400010669, "params": {"resolution_x": 7.415992300663476, "resolution_y": 9.991328571341715}, "datetime": {"datetime": "2024-03-18 15:30:20", "elapsed": 14.798381, "delta": 0.339893}}
{"target": 1.4048374180498473, "params": {"resolution_x": 7.849009329437028, "resolution_y": -1.2682394331324591}, "datetime": {"datetime": "2024-03-18 15:30:20", "elapsed": 15.100785, "delta": 0.302404}}
{"target": 0.8703200460356395, "params": {"resolution_x": 8.531880835345685, "resolution_y": 2.581112586276022}, "datetime": {"datetime": "2024-03-18 15:30:21", "elapsed": 15.419662, "delta": 0.318877}}
{"target": 1.9048374180498473, "params": {"resolution_x": 7.19729274471284, "resolution_y": -0.04263183798508763}, "datetime": {"datetime": "2024-03-18 15:30:21", "elapsed": 15.727528, "delta": 0.307866}}
{"target": 0.020000045753387694, "params": {"resolution_x": -7.081177405762298, "resolution_y": -7.248804397032808}, "datetime": {"datetime": "2024-03-18 15:30:21", "elapsed": 16.03773, "delta": 0.310202}}
{"target": 1.0003035391519668, "params": {"resolution_x": -3.9433134597080928, "resolution_y": -0.6485418975355357}, "datetime": {"datetime": "2024-03-18 15:30:22", "elapsed": 16.363781, "delta": 0.326051}}
{"target": 0.44503119820213755, "params": {"resolution_x": 9.987538788323125, "resolution_y": -5.522590117990676}, "datetime": {"datetime": "2024-03-18 15:30:22", "elapsed": 16.672685, "delta": 0.308904}}
{"target": 1.2289235450216824, "params": {"resolution_x": 2.9986111762979877, "resolution_y": -6.033144529937159}, "datetime": {"datetime": "2024-03-18 15:30:22", "elapsed": 17.011991, "delta": 0.339306}}
{"target": 2.2018965179946557, "params": {"resolution_x": 2.585167748180509, "resolution_y": -0.07068721915037726}, "datetime": {"datetime": "2024-03-18 15:30:23", "elapsed": 17.325929, "delta": 0.313938}}
{"target": 0.009901035852397596, "params": {"resolution_x": -7.105564380790242, "resolution_y": 10.0}, "datetime": {"datetime": "2024-03-18 15:30:23", "elapsed": 17.687653, "delta": 0.361724}}
{"target": 1.0384616509967133, "params": {"resolution_x": 6.771526668122476, "resolution_y": 5.94001974070416}, "datetime": {"datetime": "2024-03-18 15:30:23", "elapsed": 18.031454, "delta": 0.343801}}
{"target": 2.2018965179946557, "params": {"resolution_x": 2.0914288282633784, "resolution_y": -0.7789957115901824}, "datetime": {"datetime": "2024-03-18 15:30:24", "elapsed": 18.369978, "delta": 0.338524}}
{"target": 0.05783448328724625, "params": {"resolution_x": -0.9600971420108717, "resolution_y": -9.994353522913253}, "datetime": {"datetime": "2024-03-18 15:30:24", "elapsed": 18.808026, "delta": 0.438048}}
{"target": 1.2172811333792708, "params": {"resolution_x": 2.3052236653401526, "resolution_y": 8.51618553109489}, "datetime": {"datetime": "2024-03-18 15:30:25", "elapsed": 19.320897, "delta": 0.512871}}
{"target": 2.2018965179946557, "params": {"resolution_x": 2.4209679384160943, "resolution_y": -0.959889642243354}, "datetime": {"datetime": "2024-03-18 15:30:25", "elapsed": 19.643026, "delta": 0.322129}}
{"target": 1.7744491009120416, "params": {"resolution_x": 3.5132840321249432, "resolution_y": 0.1319965518378794}, "datetime": {"datetime": "2024-03-18 15:30:25", "elapsed": 20.028065, "delta": 0.385039}}
{"target": 1.9049608278400463, "params": {"resolution_x": 5.312137841695833, "resolution_y": -0.2523097998947357}, "datetime": {"datetime": "2024-03-18 15:30:26", "elapsed": 20.429498, "delta": 0.401433}}
{"target": 1.4018965179946554, "params": {"resolution_x": 2.8250969611716936, "resolution_y": 2.8530660708134192}, "datetime": {"datetime": "2024-03-18 15:30:26", "elapsed": 20.857472, "delta": 0.427974}}
{"target": 0.9170325400010669, "params": {"resolution_x": 7.539126159537574, "resolution_y": -9.992029299919793}, "datetime": {"datetime": "2024-03-18 15:30:27", "elapsed": 21.172696, "delta": 0.315224}}
{"target": 0.786644222863261, "params": {"resolution_x": 3.765476703485181, "resolution_y": 9.335416333915422}, "datetime": {"datetime": "2024-03-18 15:30:27", "elapsed": 21.599228, "delta": 0.426532}}
{"target": 0.46215956174656064, "params": {"resolution_x": 1.2828430879861923, "resolution_y": 9.657337051303266}, "datetime": {"datetime": "2024-03-18 15:30:27", "elapsed": 21.929296, "delta": 0.330068}}
{"target": 1.0588236419469395, "params": {"resolution_x": 6.689453269190427, "resolution_y": 4.059634676967303}, "datetime": {"datetime": "2024-03-18 15:30:28", "elapsed": 22.302599, "delta": 0.373303}}
{"target": 2.2018965179946557, "params": {"resolution_x": 2.185443864577824, "resolution_y": 0.28126845419561874}, "datetime": {"datetime": "2024-03-18 15:30:28", "elapsed": 22.745328, "delta": 0.442729}}
{"target": 0.20004539992976272, "params": {"resolution_x": -4.33719112103974, "resolution_y": -2.470142776029508}, "datetime": {"datetime": "2024-03-18 15:30:28", "elapsed": 23.064015, "delta": 0.318687}}
{"target": 0.10446289074779144, "params": {"resolution_x": 0.5917221675673296, "resolution_y": 4.440807284036197}, "datetime": {"datetime": "2024-03-18 15:30:29", "elapsed": 23.398496, "delta": 0.334481}}
{"target": 0.5003035391519668, "params": {"resolution_x": -3.605802448636012, "resolution_y": 1.5688533100844102}, "datetime": {"datetime": "2024-03-18 15:30:29", "elapsed": 23.870357, "delta": 0.471861}}
{"target": 1.007569992875011, "params": {"resolution_x": -1.1416968147386897, "resolution_y": -0.2196876678939828}, "datetime": {"datetime": "2024-03-18 15:30:30", "elapsed": 24.27543, "delta": 0.405073}}
{"target": 1.4048374180498473, "params": {"resolution_x": 7.118776871497239, "resolution_y": 1.093258578047827}, "datetime": {"datetime": "2024-03-18 15:30:30", "elapsed": 24.801967, "delta": 0.526537}}
{"target": 1.1703200460356395, "params": {"resolution_x": 8.188798738577482, "resolution_y": 1.181900610332736}, "datetime": {"datetime": "2024-03-18 15:30:30", "elapsed": 25.159882, "delta": 0.357915}}
{"target": 0.5065696597405991, "params": {"resolution_x": 9.997090876621783, "resolution_y": 3.916693059210729}, "datetime": {"datetime": "2024-03-18 15:30:31", "elapsed": 25.598306, "delta": 0.438424}}
{"target": 1.1886356849243735, "params": {"resolution_x": 4.672940559809819, "resolution_y": 1.0258510180540188}, "datetime": {"datetime": "2024-03-18 15:30:31", "elapsed": 26.001981, "delta": 0.403675}}
{"target": 1.1886356849243735, "params": {"resolution_x": 4.9122536419131535, "resolution_y": -1.1312361126904769}, "datetime": {"datetime": "2024-03-18 15:30:32", "elapsed": 26.391984, "delta": 0.390003}}
{"target": 0.22189651799465537, "params": {"resolution_x": 10.0, "resolution_y": -7.72947799968502}, "datetime": {"datetime": "2024-03-18 15:30:32", "elapsed": 26.789355, "delta": 0.397371}}
{"target": 1.9048374180498473, "params": {"resolution_x": 7.992134414651726, "resolution_y": 0.31424658158620034}, "datetime": {"datetime": "2024-03-18 15:30:33", "elapsed": 27.310802, "delta": 0.521447}}
{"target": 0.027072426956789745, "params": {"resolution_x": -4.246279365704484, "resolution_y": -6.567957525844796}, "datetime": {"datetime": "2024-03-18 15:30:33", "elapsed": 27.688503, "delta": 0.377701}}
{"target": 0.8129106393735799, "params": {"resolution_x": 3.2339128004991844, "resolution_y": 5.865503823359701}, "datetime": {"datetime": "2024-03-18 15:30:33", "elapsed": 28.073927, "delta": 0.385424}}
{"target": 0.5456393613360268, "params": {"resolution_x": -0.8260605564357448, "resolution_y": 1.7856680777007974}, "datetime": {"datetime": "2024-03-18 15:30:34", "elapsed": 28.532543, "delta": 0.458616}}
{"target": 0.7291435754474043, "params": {"resolution_x": 8.271665175697294, "resolution_y": -4.073477346318883}, "datetime": {"datetime": "2024-03-18 15:30:34", "elapsed": 28.939389, "delta": 0.406846}}
{"target": 2.2018965179946557, "params": {"resolution_x": 2.9386954492136645, "resolution_y": -0.44373546924345075}, "datetime": {"datetime": "2024-03-18 15:30:35", "elapsed": 29.331953, "delta": 0.392564}}
{"target": 0.5000000030748799, "params": {"resolution_x": -8.00944535903147, "resolution_y": 1.97791638925127}, "datetime": {"datetime": "2024-03-18 15:30:35", "elapsed": 29.682453, "delta": 0.3505}}
{"target": 0.7008308068755931, "params": {"resolution_x": 4.056089290926263, "resolution_y": -9.995238104961802}, "datetime": {"datetime": "2024-03-18 15:30:35", "elapsed": 30.095112, "delta": 0.412659}}
{"target": 1.1048374180498475, "params": {"resolution_x": 7.227076976012206, "resolution_y": 2.99160611056398}, "datetime": {"datetime": "2024-03-18 15:30:36", "elapsed": 30.526779, "delta": 0.431667}}
{"target": 2.000000112535175, "params": {"resolution_x": 6.138509202749923, "resolution_y": 0.2812367212337179}, "datetime": {"datetime": "2024-03-18 15:30:36", "elapsed": 30.860616, "delta": 0.333837}}
{"target": 2.2018965179946557, "params": {"resolution_x": 2.3272734742492625, "resolution_y": -0.7260001531748704}, "datetime": {"datetime": "2024-03-18 15:30:37", "elapsed": 31.309388, "delta": 0.448772}}
{"target": 0.10000000307487988, "params": {"resolution_x": -8.28707854654044, "resolution_y": -3.3738191925470336}, "datetime": {"datetime": "2024-03-18 15:30:37", "elapsed": 31.748665, "delta": 0.439277}}
{"target": 1.0270271395622017, "params": {"resolution_x": 6.6021232834394326, "resolution_y": -6.621370807197831}, "datetime": {"datetime": "2024-03-18 15:30:37", "elapsed": 32.115594, "delta": 0.366929}}
{"target": 2.2018965179946557, "params": {"resolution_x": 2.113980917245563, "resolution_y": -0.4384547380398036}, "datetime": {"datetime": "2024-03-18 15:30:38", "elapsed": 32.562123, "delta": 0.446529}}
{"target": 2.2018965179946557, "params": {"resolution_x": 2.7978498177244404, "resolution_y": -0.6927237089185585}, "datetime": {"datetime": "2024-03-18 15:30:38", "elapsed": 33.001444, "delta": 0.439321}}
{"target": 2.2018965179946557, "params": {"resolution_x": 2.2275018441307672, "resolution_y": 0.5254575203301393}, "datetime": {"datetime": "2024-03-18 15:30:39", "elapsed": 33.574476, "delta": 0.573032}}
{"target": 0.9637843572518109, "params": {"resolution_x": 5.307619168917423, "resolution_y": -4.290190644112535}, "datetime": {"datetime": "2024-03-18 15:30:39", "elapsed": 34.099006, "delta": 0.52453}}
{"target": 1.7018965179946555, "params": {"resolution_x": 2.724029494112015, "resolution_y": -1.1393746642870752}, "datetime": {"datetime": "2024-03-18 15:30:40", "elapsed": 34.532036, "delta": 0.43303}}
{"target": 0.02702707278041472, "params": {"resolution_x": -7.731477465649908, "resolution_y": 6.58383971798294}, "datetime": {"datetime": "2024-03-18 15:30:40", "elapsed": 34.944655, "delta": 0.412619}}
